<?xml version="1.0" encoding="UTF-8"?>
<testsuite xmlns:xsi="http://www.w3.org/2001/XMLSchema-instance" xsi:noNamespaceSchemaLocation="https://maven.apache.org/surefire/maven-surefire-plugin/xsd/surefire-test-report.xsd" version="3.0.2" name="com.verify_x.serviceTest.AuthServiceImplTest" time="4.608" tests="32" errors="0" skipped="0" failures="0" flakes="0">
  <properties>
[...]
</properties>
  <testcase name="login_shouldThrowException_whenMobileNotVerified" classname="com.verify_x.serviceTest.AuthServiceImplTest" time="3.188">
    <system-err><![CDATA[Mockito is currently self-attaching to enable the inline-mock-maker. This will no longer work in future releases of the JDK. Please add Mockito as an agent to your build as described in Mockito's documentation: https://javadoc.io/doc/org.mockito/mockito-core/latest/org.mockito/org/mockito/Mockito.html#0.3
WARNING: A Java agent has been loaded dynamically (C:\Users\User\.m2\repository\net\bytebuddy\byte-buddy-agent\1.17.8\byte-buddy-agent-1.17.8.jar)
WARNING: If a serviceability tool is in use, please run with -XX:+EnableDynamicAgentLoading to hide this warning
WARNING: If a serviceability tool is not in use, please run with -Djdk.instrument.traceUsage for more information
WARNING: Dynamic loading of agents will be disallowed by default in a future release
]]></system-err>
  </testcase>
  <testcase name="initiatePasswordReset_shouldSendOtpSuccessfully" classname="com.verify_x.serviceTest.AuthServiceImplTest" time="0.1">
    <system-out><![CDATA[14:52:47.539 [main] INFO com.verify_x.serviceImpl.AuthServiceImpl -- Password reset OTP sent to test@gmail.com
]]></system-out>
  </testcase>
  <testcase name="initiatePasswordReset_shouldThrowException_whenCandidateDisabled" classname="com.verify_x.serviceTest.AuthServiceImplTest" time="0.013"/>
  <testcase name="resetPassword_shouldResetPasswordSuccessfully" classname="com.verify_x.serviceTest.AuthServiceImplTest" time="0.048">
    <system-out><![CDATA[14:52:47.620 [main] INFO com.verify_x.serviceImpl.AuthServiceImpl -- Password reset successful for test@gmail.com
]]></system-out>
  </testcase>
  <testcase name="resetPassword_shouldThrowException_whenOtpInvalid" classname="com.verify_x.serviceTest.AuthServiceImplTest" time="0.014"/>
  <testcase name="verifyRegistrationOtp_shouldVerifySuccessfully" classname="com.verify_x.serviceTest.AuthServiceImplTest" time="0.053">
    <system-out><![CDATA[14:52:47.695 [main] INFO com.verify_x.serviceImpl.AuthServiceImpl -- Candidate registration verified successfully. Candidate ID: 100
]]></system-out>
  </testcase>
  <testcase name="login_shouldThrowException_whenCandidateDisabled" classname="com.verify_x.serviceTest.AuthServiceImplTest" time="0.014"/>
  <testcase name="login_shouldReturnTokenSuccessfully" classname="com.verify_x.serviceTest.AuthServiceImplTest" time="0.04"/>
  <testcase name="adminLogout_shouldThrowException_whenTokenBlank" classname="com.verify_x.serviceTest.AuthServiceImplTest" time="0.011"/>
  <testcase name="adminLogin_shouldReturnTokenSuccessfully" classname="com.verify_x.serviceTest.AuthServiceImplTest" time="0.478"/>
  <testcase name="login_shouldThrowException_whenEmailNotVerified" classname="com.verify_x.serviceTest.AuthServiceImplTest" time="0.033"/>
  <testcase name="initiatePasswordReset_shouldThrowException_whenCandidateNotFound" classname="com.verify_x.serviceTest.AuthServiceImplTest" time="0.016"/>
  <testcase name="resetPassword_shouldThrowException_whenOtpExpired" classname="com.verify_x.serviceTest.AuthServiceImplTest" time="0.011"/>
  <testcase name="register_shouldThrowException_whenPhoneAlreadyExistsInCandidate" classname="com.verify_x.serviceTest.AuthServiceImplTest" time="0.179">
    <system-out><![CDATA[14:52:48.508 [main] INFO com.verify_x.serviceImpl.AuthServiceImpl -- Registering candidate: test@gmail.com
]]></system-out>
  </testcase>
  <testcase name="getCurrentUser_shouldThrowException_whenAuthenticationMissing" classname="com.verify_x.serviceTest.AuthServiceImplTest" time="0.025"/>
  <testcase name="login_shouldThrowException_whenCandidateNotFound" classname="com.verify_x.serviceTest.AuthServiceImplTest" time="0.02"/>
  <testcase name="verifyRegistrationOtp_shouldThrowException_whenOtpInvalid" classname="com.verify_x.serviceTest.AuthServiceImplTest" time="0.012"/>
  <testcase name="logout_shouldThrowException_whenTokenNull" classname="com.verify_x.serviceTest.AuthServiceImplTest" time="0.006"/>
  <testcase name="register_shouldThrowException_whenEmailAlreadyExistsInPendingRegistration" classname="com.verify_x.serviceTest.AuthServiceImplTest" time="0.015">
    <system-out><![CDATA[14:52:48.590 [main] INFO com.verify_x.serviceImpl.AuthServiceImpl -- Registering candidate: pending@gmail.com
]]></system-out>
  </testcase>
  <testcase name="logout_shouldBlacklistToken" classname="com.verify_x.serviceTest.AuthServiceImplTest" time="0.015">
    <system-out><![CDATA[14:52:48.616 [main] INFO com.verify_x.serviceImpl.AuthServiceImpl -- User logged out successfully.
]]></system-out>
  </testcase>
  <testcase name="register_shouldRegisterPendingUserSuccessfully" classname="com.verify_x.serviceTest.AuthServiceImplTest" time="0.024">
    <system-out><![CDATA[14:52:48.633 [main] INFO com.verify_x.serviceImpl.AuthServiceImpl -- Registering candidate: test@gmail.com
14:52:48.642 [main] INFO com.verify_x.serviceImpl.AuthServiceImpl -- Email and mobile OTP sent successfully to: test@gmail.com
]]></system-out>
  </testcase>
  <testcase name="initiatePasswordReset_shouldThrowException_whenEmailNotVerified" classname="com.verify_x.serviceTest.AuthServiceImplTest" time="0.015"/>
  <testcase name="register_shouldThrowException_whenEmailAlreadyExistsInCandidate" classname="com.verify_x.serviceTest.AuthServiceImplTest" time="0.014">
    <system-out><![CDATA[14:52:48.677 [main] INFO com.verify_x.serviceImpl.AuthServiceImpl -- Registering candidate: existing@gmail.com
]]></system-out>
  </testcase>
  <testcase name="verifyRegistrationOtp_shouldThrowException_whenOtpExpired" classname="com.verify_x.serviceTest.AuthServiceImplTest" time="0.014"/>
  <testcase name="verifyRegistrationOtp_shouldThrowException_whenPendingRegistrationNotFound" classname="com.verify_x.serviceTest.AuthServiceImplTest" time="0.023"/>
  <testcase name="adminLogin_shouldThrowException_whenAdminNotFound" classname="com.verify_x.serviceTest.AuthServiceImplTest" time="0.038"/>
  <testcase name="adminLogin_shouldThrowException_whenUserIsNotAdmin" classname="com.verify_x.serviceTest.AuthServiceImplTest" time="0.01"/>
  <testcase name="register_shouldThrowException_whenPhoneAlreadyExistsInPendingRegistration" classname="com.verify_x.serviceTest.AuthServiceImplTest" time="0.018">
    <system-out><![CDATA[14:52:48.793 [main] INFO com.verify_x.serviceImpl.AuthServiceImpl -- Registering candidate: test@gmail.com
]]></system-out>
  </testcase>
  <testcase name="resetPassword_shouldThrowException_whenCandidateNotFound" classname="com.verify_x.serviceTest.AuthServiceImplTest" time="0.008"/>
  <testcase name="adminLogout_shouldThrowException_whenTokenNull" classname="com.verify_x.serviceTest.AuthServiceImplTest" time="0.007"/>
  <testcase name="logout_shouldThrowException_whenTokenBlank" classname="com.verify_x.serviceTest.AuthServiceImplTest" time="0.006"/>
  <testcase name="adminLogout_shouldBlacklistToken" classname="com.verify_x.serviceTest.AuthServiceImplTest" time="0.007">
    <system-out><![CDATA[14:52:48.831 [main] INFO com.verify_x.serviceImpl.AuthServiceImpl -- Admin logged out successfully.
]]></system-out>
  </testcase>
</testsuite>