<?xml version="1.0" encoding="UTF-8"?>
<testsuite xmlns:xsi="http://www.w3.org/2001/XMLSchema-instance" xsi:noNamespaceSchemaLocation="https://maven.apache.org/surefire/maven-surefire-plugin/xsd/surefire-test-report.xsd" version="3.0.2" name="com.verify_x.VerifyXApplicationTests" time="16.658" tests="1" errors="0" skipped="0" failures="0" flakes="0">
  <properties>
[...]
</properties>
  <testcase name="contextLoads" classname="com.verify_x.VerifyXApplicationTests" time="0.017">
    <system-out><![CDATA[14:52:49.772 [main] INFO org.springframework.test.context.support.AnnotationConfigContextLoaderUtils -- Could not detect default configuration classes for test class [com.verify_x.VerifyXApplicationTests]: VerifyXApplicationTests does not declare any static, non-private, non-final, nested classes annotated with @Configuration.
14:52:50.065 [main] INFO org.springframework.boot.test.context.SpringBootTestContextBootstrapper -- Found @SpringBootConfiguration com.verify_x.VerifyXApplication for test class com.verify_x.VerifyXApplicationTests
14:52:50.281 [main] INFO org.springframework.test.context.support.AnnotationConfigContextLoaderUtils -- Could not detect default configuration classes for test class [com.verify_x.VerifyXApplicationTests]: VerifyXApplicationTests does not declare any static, non-private, non-final, nested classes annotated with @Configuration.
14:52:50.283 [main] INFO org.springframework.boot.test.context.SpringBootTestContextBootstrapper -- Found @SpringBootConfiguration com.verify_x.VerifyXApplication for test class com.verify_x.VerifyXApplicationTests

  .   ____          _            __ _ _
 /\\ / ___'_ __ _ _(_)_ __  __ _ \ \ \ \
( ( )\___ | '_ | '_| | '_ \/ _` | \ \ \ \
 \\/  ___)| |_)| | | | | || (_| |  ) ) ) )
  '  |____| .__|_| |_|_| |_\__, | / / / /
 =========|_|==============|___/=/_/_/_/

 :: Spring Boot ::                (v4.0.7)

2026-09-09T14:52:50.927+05:30  INFO 20056 --- [verify-x1-test] [           main] com.verify_x.VerifyXApplicationTests     : Starting VerifyXApplicationTests using Java 21.0.12 with PID 20056 (started by User in E:\VerifyX-backend-pan-aadhaar-uan-fixed)
2026-09-09T14:52:50.929+05:30  INFO 20056 --- [verify-x1-test] [           main] com.verify_x.VerifyXApplicationTests     : No active profile set, falling back to 1 default profile: "default"
2026-09-09T14:52:53.396+05:30  INFO 20056 --- [verify-x1-test] [           main] .s.d.r.c.RepositoryConfigurationDelegate : Multiple Spring Data modules found, entering strict repository configuration mode
2026-09-09T14:52:53.398+05:30  INFO 20056 --- [verify-x1-test] [           main] .s.d.r.c.RepositoryConfigurationDelegate : Bootstrapping Spring Data JPA repositories in DEFAULT mode.
2026-09-09T14:52:53.724+05:30  INFO 20056 --- [verify-x1-test] [           main] .s.d.r.c.RepositoryConfigurationDelegate : Finished Spring Data repository scanning in 309 ms. Found 8 JPA repository interfaces.
2026-09-09T14:52:53.845+05:30  INFO 20056 --- [verify-x1-test] [           main] .s.d.r.c.RepositoryConfigurationDelegate : Multiple Spring Data modules found, entering strict repository configuration mode
2026-09-09T14:52:53.848+05:30  INFO 20056 --- [verify-x1-test] [           main] .s.d.r.c.RepositoryConfigurationDelegate : Bootstrapping Spring Data Redis repositories in DEFAULT mode.
2026-09-09T14:52:53.910+05:30  INFO 20056 --- [verify-x1-test] [           main] .RepositoryConfigurationExtensionSupport : Spring Data Redis - Could not safely identify store assignment for repository candidate interface com.verify_x.repository.AdminRepository; If you want this repository to be a Redis repository, consider annotating your entities with one of these annotations: org.springframework.data.redis.core.RedisHash (preferred), or consider extending one of the following types with your repository: org.springframework.data.keyvalue.repository.KeyValueRepository
2026-09-09T14:52:53.913+05:30  INFO 20056 --- [verify-x1-test] [           main] .RepositoryConfigurationExtensionSupport : Spring Data Redis - Could not safely identify store assignment for repository candidate interface com.verify_x.repository.CandidateContactDetailsRepository; If you want this repository to be a Redis repository, consider annotating your entities with one of these annotations: org.springframework.data.redis.core.RedisHash (preferred), or consider extending one of the following types with your repository: org.springframework.data.keyvalue.repository.KeyValueRepository
2026-09-09T14:52:53.913+05:30  INFO 20056 --- [verify-x1-test] [           main] .RepositoryConfigurationExtensionSupport : Spring Data Redis - Could not safely identify store assignment for repository candidate interface com.verify_x.repository.CandidateDocumentRepository; If you want this repository to be a Redis repository, consider annotating your entities with one of these annotations: org.springframework.data.redis.core.RedisHash (preferred), or consider extending one of the following types with your repository: org.springframework.data.keyvalue.repository.KeyValueRepository
2026-09-09T14:52:53.914+05:30  INFO 20056 --- [verify-x1-test] [           main] .RepositoryConfigurationExtensionSupport : Spring Data Redis - Could not safely identify store assignment for repository candidate interface com.verify_x.repository.CandidateRepository; If you want this repository to be a Redis repository, consider annotating your entities with one of these annotations: org.springframework.data.redis.core.RedisHash (preferred), or consider extending one of the following types with your repository: org.springframework.data.keyvalue.repository.KeyValueRepository
2026-09-09T14:52:53.914+05:30  INFO 20056 --- [verify-x1-test] [           main] .RepositoryConfigurationExtensionSupport : Spring Data Redis - Could not safely identify store assignment for repository candidate interface com.verify_x.repository.EducationRepository; If you want this repository to be a Redis repository, consider annotating your entities with one of these annotations: org.springframework.data.redis.core.RedisHash (preferred), or consider extending one of the following types with your repository: org.springframework.data.keyvalue.repository.KeyValueRepository
2026-09-09T14:52:53.915+05:30  INFO 20056 --- [verify-x1-test] [           main] .RepositoryConfigurationExtensionSupport : Spring Data Redis - Could not safely identify store assignment for repository candidate interface com.verify_x.repository.EmploymentRepository; If you want this repository to be a Redis repository, consider annotating your entities with one of these annotations: org.springframework.data.redis.core.RedisHash (preferred), or consider extending one of the following types with your repository: org.springframework.data.keyvalue.repository.KeyValueRepository
2026-09-09T14:52:53.915+05:30  INFO 20056 --- [verify-x1-test] [           main] .RepositoryConfigurationExtensionSupport : Spring Data Redis - Could not safely identify store assignment for repository candidate interface com.verify_x.repository.OfferLetterRepository; If you want this repository to be a Redis repository, consider annotating your entities with one of these annotations: org.springframework.data.redis.core.RedisHash (preferred), or consider extending one of the following types with your repository: org.springframework.data.keyvalue.repository.KeyValueRepository
2026-09-09T14:52:53.916+05:30  INFO 20056 --- [verify-x1-test] [           main] .RepositoryConfigurationExtensionSupport : Spring Data Redis - Could not safely identify store assignment for repository candidate interface com.verify_x.repository.PendingRegistrationRepository; If you want this repository to be a Redis repository, consider annotating your entities with one of these annotations: org.springframework.data.redis.core.RedisHash (preferred), or consider extending one of the following types with your repository: org.springframework.data.keyvalue.repository.KeyValueRepository
2026-09-09T14:52:53.916+05:30  INFO 20056 --- [verify-x1-test] [           main] .s.d.r.c.RepositoryConfigurationDelegate : Finished Spring Data repository scanning in 20 ms. Found 0 Redis repository interfaces.
2026-09-09T14:52:55.088+05:30  INFO 20056 --- [verify-x1-test] [           main] org.hibernate.orm.jpa                    : HHH008540: Processing PersistenceUnitInfo [name: default]
2026-09-09T14:52:55.220+05:30  INFO 20056 --- [verify-x1-test] [           main] org.hibernate.orm.core                   : HHH000001: Hibernate ORM core version 7.2.19.Final
2026-09-09T14:52:55.877+05:30  INFO 20056 --- [verify-x1-test] [           main] o.s.o.j.p.SpringPersistenceUnitInfo      : No LoadTimeWeaver setup: ignoring JPA class transformer
2026-09-09T14:52:55.923+05:30  INFO 20056 --- [verify-x1-test] [           main] com.zaxxer.hikari.HikariDataSource       : HikariPool-1 - Starting...
2026-09-09T14:52:56.628+05:30  INFO 20056 --- [verify-x1-test] [           main] com.zaxxer.hikari.pool.HikariPool        : HikariPool-1 - Added connection com.mysql.cj.jdbc.ConnectionImpl@349469db
2026-09-09T14:52:56.630+05:30  INFO 20056 --- [verify-x1-test] [           main] com.zaxxer.hikari.HikariDataSource       : HikariPool-1 - Start completed.
2026-09-09T14:52:56.720+05:30  WARN 20056 --- [verify-x1-test] [           main] org.hibernate.orm.deprecation            : HHH90000025: MySQLDialect does not need to be specified explicitly using 'hibernate.dialect' (remove the property setting and it will be selected by default)
2026-09-09T14:52:56.787+05:30  INFO 20056 --- [verify-x1-test] [           main] org.hibernate.orm.connections.pooling    : HHH10001005: Database info:
	Database JDBC URL [jdbc:mysql://localhost:3306/verify-x4]
	Database driver: MySQL Connector/J
	Database dialect: MySQLDialect
	Database version: 8.0.46
	Default catalog/schema: verify-x4/undefined
	Autocommit mode: undefined/unknown
	Isolation level: REPEATABLE_READ [default REPEATABLE_READ]
	JDBC fetch size: none
	Pool: DataSourceConnectionProvider
	Minimum pool size: undefined/unknown
	Maximum pool size: undefined/unknown
2026-09-09T14:52:58.872+05:30  INFO 20056 --- [verify-x1-test] [           main] org.hibernate.orm.core                   : HHH000489: No JTA platform available (set 'hibernate.transaction.jta.platform' to enable JTA platform integration)
2026-09-09T14:52:59.138+05:30  INFO 20056 --- [verify-x1-test] [           main] j.LocalContainerEntityManagerFactoryBean : Initialized JPA EntityManagerFactory for persistence unit 'default'
2026-09-09T14:52:59.335+05:30  INFO 20056 --- [verify-x1-test] [           main] o.s.d.j.r.query.QueryEnhancerFactories   : Hibernate is in classpath; If applicable, HQL parser will be used.
2026-09-09T14:52:59.997+05:30  INFO 20056 --- [verify-x1-test] [           main] r$InitializeUserDetailsManagerConfigurer : Global AuthenticationManager configured with UserDetailsService bean with name customUserDetailsService
================================
MAIL USER : gangadharhosamani050@gmail.com
================================
2026-09-09T14:53:04.381+05:30  INFO 20056 --- [verify-x1-test] [           main] com.verify_x.VerifyXApplicationTests     : Started VerifyXApplicationTests in 13.995 seconds (process running for 22.032)
2026-09-09T14:53:05.884+05:30  INFO 20056 --- [verify-x1-test] [           main] com.verify_x.config.AdminDataSeeder      : Default Admin created/updated: admin@verifyx.com
2026-09-09T14:53:05.885+05:30  WARN 20056 --- [verify-x1-test] [           main] o.s.core.events.SpringDocAppInitializer  : SpringDoc /v3/api-docs endpoint is enabled by default. To disable it in production, set the property 'springdoc.api-docs.enabled=false'
2026-09-09T14:53:05.886+05:30  WARN 20056 --- [verify-x1-test] [           main] o.s.core.events.SpringDocAppInitializer  : SpringDoc /swagger-ui.html endpoint is enabled by default. To disable it in production, set the property 'springdoc.swagger-ui.enabled=false'
]]></system-out>
  </testcase>
</testsuite>